Arguments: 
  D:\node-v12.16.1-20200316\node.exe D:\node-v12.16.1-20200316\node_global\node_modules\yarn\bin\yarn.js init Todolist

PATH: 
  C:\Program Files (x86)\Common Files\Oracle\Java\javapath;C:\Program Files (x86)\Intel\iCLS Client\;C:\Program Files\Intel\iCLS Client\;C:\Windows\system32;C:\Windows;C:\Windows\System32\Wbem;C:\Windows\System32\WindowsPowerShell\v1.0\;C:\Program Files (x86)\Intel\Intel(R) Management Engine Components\DAL;C:\Program Files\Intel\Intel(R) Management Engine Components\DAL;C:\Program Files (x86)\Intel\Intel(R) Management Engine Components\IPT;C:\Program Files\Intel\Intel(R) Management Engine Components\IPT;C:\Program Files (x86)\NVIDIA Corporation\PhysX\Common;C:\Program Files\Intel\WiFi\bin\;C:\Program Files\Common Files\Intel\WirelessCommon\;C:\WINDOWS\system32;C:\WINDOWS;C:\WINDOWS\System32\Wbem;C:\WINDOWS\System32\WindowsPowerShell\v1.0\;C:\WINDOWS\System32\OpenSSH\;"c: ;C:\Program Files\Java\jdk1.8.0_202\bin;C:\Program Files\Java\jdk1.8.0_202\jre\bin;";C:\Program Files\Java\jdk1.8.0_202\bin;D:\Python;C:\Program Files\MySQL\MySQL Server 8.0\bin;D:\Android SDK\Sdk\tools;D:\Android SDK\Sdk\platform-tools;D:\Python36_64;D:\Python36_64\Scripts;D:\Git\bin;D:\apache-tomcat-8.0.11\bin;D:\apache-tomcat-8.0.11\lib;D:\python-2.7.17-20200316;D:\node-v12.16.1-20200316\;D:\Android-SDK\Sdk\platform-tools;D:\Android-SDK\Sdk\emulator;D:\Android-SDK\Sdk\tools;D:\Android-SDK\Sdk\tools\bin;C:\Program Files\MySQL\MySQL Shell 8.0\bin\;C:\Users\acer\AppData\Local\Microsoft\WindowsApps;D:\VS Code\Microsoft VS Code\bin;D:\node-v12.16.1-20200316\node_global;

Yarn version: 
  1.22.4

Node version: 
  12.16.1

Platform: 
  win32 x64

Trace: 
  Error: canceled
      at Interface.<anonymous> (D:\node-v12.16.1-20200316\node_global\node_modules\yarn\lib\cli.js:137008:13)
      at Interface.emit (events.js:311:20)
      at Interface._ttyWrite (readline.js:893:16)
      at ReadStream.onkeypress (readline.js:198:10)
      at ReadStream.emit (events.js:311:20)
      at emitKeys (internal/readline/utils.js:438:14)
      at emitKeys.next (<anonymous>)
      at ReadStream.onData (readline.js:1160:36)
      at ReadStream.emit (events.js:311:20)
      at addChunk (_stream_readable.js:294:12)

npm manifest: 
  No manifest

yarn manifest: 
  No manifest

Lockfile: 
  No lockfile
